<?xml version="1.0" encoding="UTF-8"?>
<!-- Generated by org.testng.reporters.JUnitReportReporter -->
<testsuite hostname="DESKTOP-3KOP925" failures="0" tests="2" name="medicare.testpages.HomePageTest" time="1.483" errors="0" timestamp="2023-12-22T16:11:37 IST" skipped="0">
  <testcase classname="medicare.testpages.HomePageTest" name="LoginUser" time="0.897"/>
  <system-out/>
  <testcase classname="medicare.testpages.HomePageTest" name="LoginUser" time="0.586"/>
  <system-out/>
</testsuite> <!-- medicare.testpages.HomePageTest -->
